TN:
SF:/home/workstation/Desktop/sonarqube-devops/projects/multi-module-maven-project/frontend/frontend-client/src/polyfills.ts
FNF:0
FNH:0
LF:0
LH:0
BRF:0
BRH:0
end_of_record
TN:
SF:/home/workstation/Desktop/sonarqube-devops/projects/multi-module-maven-project/frontend/frontend-client/src/test.ts
FNF:0
FNH:0
DA:13,1
DA:18,1
DA:20,1
LF:3
LH:3
BRF:0
BRH:0
end_of_record
TN:
SF:/home/workstation/Desktop/sonarqube-devops/projects/multi-module-maven-project/frontend/frontend-client/src/app/app.component.ts
FN:10,(anonymous_0)
FN:5,AppComponent
FN:14,(anonymous_2)
FN:19,(anonymous_3)
FN:24,(anonymous_4)
FNF:5
FNH:3
FNDA:1,(anonymous_0)
FNDA:3,AppComponent
FNDA:1,(anonymous_2)
FNDA:0,(anonymous_3)
FNDA:0,(anonymous_4)
DA:10,1
DA:11,3
DA:12,3
DA:14,1
DA:15,1
DA:16,1
DA:19,1
DA:20,0
DA:21,0
DA:24,1
DA:25,0
DA:26,0
DA:30,1
LF:13
LH:9
BRDA:27,0,0,0
BRDA:27,0,1,0
BRF:2
BRH:0
end_of_record
